Start testing: Sep 11 22:15 AEST
----------------------------------------------------------
1/28 Testing: EndpointTreeTest.LeftEndpointIsMinimum
1/28 Test: EndpointTreeTest.LeftEndpointIsMinimum
Command: "/Users/sean/Dynamic-RTS/src/build/endpoint_tree_test" "--gtest_filter=EndpointTreeTest.LeftEndpointIsMinimum" "--gtest_also_run_disabled_tests"
Directory: /Users/sean/Dynamic-RTS/src/build
"EndpointTreeTest.LeftEndpointIsMinimum" start time: Sep 11 22:15 AEST
Output:
----------------------------------------------------------
Note: Google Test filter = EndpointTreeTest.LeftEndpointIsMinimum
[==========] Running 1 test from 1 test suite.
[----------] Global test environment set-up.
[----------] 1 test from EndpointTreeTest
[ RUN      ] EndpointTreeTest.LeftEndpointIsMinimum
[       OK ] EndpointTreeTest.LeftEndpointIsMinimum (0 ms)
[----------] 1 test from EndpointTreeTest (0 ms total)

[----------] Global test environment tear-down
[==========] 1 test from 1 test suite ran. (0 ms total)
[  PASSED  ] 1 test.
<end of output>
Test time =   0.01 sec
----------------------------------------------------------
Test Passed.
"EndpointTreeTest.LeftEndpointIsMinimum" end time: Sep 11 22:15 AEST
"EndpointTreeTest.LeftEndpointIsMinimum" time elapsed: 00:00:00
----------------------------------------------------------

2/28 Testing: EndpointTreeTest.SetCorrectMaximumMinimum
2/28 Test: EndpointTreeTest.SetCorrectMaximumMinimum
Command: "/Users/sean/Dynamic-RTS/src/build/endpoint_tree_test" "--gtest_filter=EndpointTreeTest.SetCorrectMaximumMinimum" "--gtest_also_run_disabled_tests"
Directory: /Users/sean/Dynamic-RTS/src/build
"EndpointTreeTest.SetCorrectMaximumMinimum" start time: Sep 11 22:15 AEST
Output:
----------------------------------------------------------
Note: Google Test filter = EndpointTreeTest.SetCorrectMaximumMinimum
[==========] Running 1 test from 1 test suite.
[----------] Global test environment set-up.
[----------] 1 test from EndpointTreeTest
[ RUN      ] EndpointTreeTest.SetCorrectMaximumMinimum
[       OK ] EndpointTreeTest.SetCorrectMaximumMinimum (0 ms)
[----------] 1 test from EndpointTreeTest (0 ms total)

[----------] Global test environment tear-down
[==========] 1 test from 1 test suite ran. (0 ms total)
[  PASSED  ] 1 test.
<end of output>
Test time =   0.01 sec
----------------------------------------------------------
Test Passed.
"EndpointTreeTest.SetCorrectMaximumMinimum" end time: Sep 11 22:15 AEST
"EndpointTreeTest.SetCorrectMaximumMinimum" time elapsed: 00:00:00
----------------------------------------------------------

3/28 Testing: EndpointTreeTest.RightEndpointIsInfinity
3/28 Test: EndpointTreeTest.RightEndpointIsInfinity
Command: "/Users/sean/Dynamic-RTS/src/build/endpoint_tree_test" "--gtest_filter=EndpointTreeTest.RightEndpointIsInfinity" "--gtest_also_run_disabled_tests"
Directory: /Users/sean/Dynamic-RTS/src/build
"EndpointTreeTest.RightEndpointIsInfinity" start time: Sep 11 22:15 AEST
Output:
----------------------------------------------------------
Note: Google Test filter = EndpointTreeTest.RightEndpointIsInfinity
[==========] Running 1 test from 1 test suite.
[----------] Global test environment set-up.
[----------] 1 test from EndpointTreeTest
[ RUN      ] EndpointTreeTest.RightEndpointIsInfinity
[       OK ] EndpointTreeTest.RightEndpointIsInfinity (0 ms)
[----------] 1 test from EndpointTreeTest (0 ms total)

[----------] Global test environment tear-down
[==========] 1 test from 1 test suite ran. (0 ms total)
[  PASSED  ] 1 test.
<end of output>
Test time =   0.01 sec
----------------------------------------------------------
Test Passed.
"EndpointTreeTest.RightEndpointIsInfinity" end time: Sep 11 22:15 AEST
"EndpointTreeTest.RightEndpointIsInfinity" time elapsed: 00:00:00
----------------------------------------------------------

4/28 Testing: EndpointTreeTest.LeavesHaveCorrectJurisdictionIntervals
4/28 Test: EndpointTreeTest.LeavesHaveCorrectJurisdictionIntervals
Command: "/Users/sean/Dynamic-RTS/src/build/endpoint_tree_test" "--gtest_filter=EndpointTreeTest.LeavesHaveCorrectJurisdictionIntervals" "--gtest_also_run_disabled_tests"
Directory: /Users/sean/Dynamic-RTS/src/build
"EndpointTreeTest.LeavesHaveCorrectJurisdictionIntervals" start time: Sep 11 22:15 AEST
Output:
----------------------------------------------------------
Note: Google Test filter = EndpointTreeTest.LeavesHaveCorrectJurisdictionIntervals
[==========] Running 1 test from 1 test suite.
[----------] Global test environment set-up.
[----------] 1 test from EndpointTreeTest
[ RUN      ] EndpointTreeTest.LeavesHaveCorrectJurisdictionIntervals
[       OK ] EndpointTreeTest.LeavesHaveCorrectJurisdictionIntervals (0 ms)
[----------] 1 test from EndpointTreeTest (0 ms total)

[----------] Global test environment tear-down
[==========] 1 test from 1 test suite ran. (0 ms total)
[  PASSED  ] 1 test.
<end of output>
Test time =   0.01 sec
----------------------------------------------------------
Test Passed.
"EndpointTreeTest.LeavesHaveCorrectJurisdictionIntervals" end time: Sep 11 22:15 AEST
"EndpointTreeTest.LeavesHaveCorrectJurisdictionIntervals" time elapsed: 00:00:00
----------------------------------------------------------

5/28 Testing: EndpointTreeTest.HasCorrectCanonicalNodeSet
5/28 Test: EndpointTreeTest.HasCorrectCanonicalNodeSet
Command: "/Users/sean/Dynamic-RTS/src/build/endpoint_tree_test" "--gtest_filter=EndpointTreeTest.HasCorrectCanonicalNodeSet" "--gtest_also_run_disabled_tests"
Directory: /Users/sean/Dynamic-RTS/src/build
"EndpointTreeTest.HasCorrectCanonicalNodeSet" start time: Sep 11 22:15 AEST
Output:
----------------------------------------------------------
Note: Google Test filter = EndpointTreeTest.HasCorrectCanonicalNodeSet
[==========] Running 1 test from 1 test suite.
[----------] Global test environment set-up.
[----------] 1 test from EndpointTreeTest
[ RUN      ] EndpointTreeTest.HasCorrectCanonicalNodeSet
[       OK ] EndpointTreeTest.HasCorrectCanonicalNodeSet (0 ms)
[----------] 1 test from EndpointTreeTest (0 ms total)

[----------] Global test environment tear-down
[==========] 1 test from 1 test suite ran. (0 ms total)
[  PASSED  ] 1 test.
<end of output>
Test time =   0.01 sec
----------------------------------------------------------
Test Passed.
"EndpointTreeTest.HasCorrectCanonicalNodeSet" end time: Sep 11 22:15 AEST
"EndpointTreeTest.HasCorrectCanonicalNodeSet" time elapsed: 00:00:00
----------------------------------------------------------

6/28 Testing: EndpointTreeTest.HasCorrectCanoncialNodeSet
6/28 Test: EndpointTreeTest.HasCorrectCanoncialNodeSet
Command: "/Users/sean/Dynamic-RTS/src/build/canconical_node_test" "--gtest_filter=EndpointTreeTest.HasCorrectCanoncialNodeSet" "--gtest_also_run_disabled_tests"
Directory: /Users/sean/Dynamic-RTS/src/build
"EndpointTreeTest.HasCorrectCanoncialNodeSet" start time: Sep 11 22:15 AEST
Output:
----------------------------------------------------------
Note: Google Test filter = EndpointTreeTest.HasCorrectCanoncialNodeSet
[==========] Running 1 test from 1 test suite.
[----------] Global test environment set-up.
[----------] 1 test from EndpointTreeTest
[ RUN      ] EndpointTreeTest.HasCorrectCanoncialNodeSet
[       OK ] EndpointTreeTest.HasCorrectCanoncialNodeSet (0 ms)
[----------] 1 test from EndpointTreeTest (0 ms total)

[----------] Global test environment tear-down
[==========] 1 test from 1 test suite ran. (0 ms total)
[  PASSED  ] 1 test.
<end of output>
Test time =   0.01 sec
----------------------------------------------------------
Test Passed.
"EndpointTreeTest.HasCorrectCanoncialNodeSet" end time: Sep 11 22:15 AEST
"EndpointTreeTest.HasCorrectCanoncialNodeSet" time elapsed: 00:00:00
----------------------------------------------------------

7/28 Testing: EndpointTreeTest.StabsCorrectNumberOfNodes
7/28 Test: EndpointTreeTest.StabsCorrectNumberOfNodes
Command: "/Users/sean/Dynamic-RTS/src/build/element_processing_test" "--gtest_filter=EndpointTreeTest.StabsCorrectNumberOfNodes" "--gtest_also_run_disabled_tests"
Directory: /Users/sean/Dynamic-RTS/src/build
"EndpointTreeTest.StabsCorrectNumberOfNodes" start time: Sep 11 22:15 AEST
Output:
----------------------------------------------------------
Note: Google Test filter = EndpointTreeTest.StabsCorrectNumberOfNodes
[==========] Running 1 test from 1 test suite.
[----------] Global test environment set-up.
[----------] 1 test from EndpointTreeTest
[ RUN      ] EndpointTreeTest.StabsCorrectNumberOfNodes
[       OK ] EndpointTreeTest.StabsCorrectNumberOfNodes (0 ms)
[----------] 1 test from EndpointTreeTest (0 ms total)

[----------] Global test environment tear-down
[==========] 1 test from 1 test suite ran. (0 ms total)
[  PASSED  ] 1 test.
<end of output>
Test time =   0.01 sec
----------------------------------------------------------
Test Passed.
"EndpointTreeTest.StabsCorrectNumberOfNodes" end time: Sep 11 22:15 AEST
"EndpointTreeTest.StabsCorrectNumberOfNodes" time elapsed: 00:00:00
----------------------------------------------------------

8/28 Testing: EndpointTreeTest.StabsCorrectNumberOfNodesSmallTree
8/28 Test: EndpointTreeTest.StabsCorrectNumberOfNodesSmallTree
Command: "/Users/sean/Dynamic-RTS/src/build/element_processing_test" "--gtest_filter=EndpointTreeTest.StabsCorrectNumberOfNodesSmallTree" "--gtest_also_run_disabled_tests"
Directory: /Users/sean/Dynamic-RTS/src/build
"EndpointTreeTest.StabsCorrectNumberOfNodesSmallTree" start time: Sep 11 22:15 AEST
Output:
----------------------------------------------------------
Note: Google Test filter = EndpointTreeTest.StabsCorrectNumberOfNodesSmallTree
[==========] Running 1 test from 1 test suite.
[----------] Global test environment set-up.
[----------] 1 test from EndpointTreeTest
[ RUN      ] EndpointTreeTest.StabsCorrectNumberOfNodesSmallTree
[       OK ] EndpointTreeTest.StabsCorrectNumberOfNodesSmallTree (0 ms)
[----------] 1 test from EndpointTreeTest (0 ms total)

[----------] Global test environment tear-down
[==========] 1 test from 1 test suite ran. (0 ms total)
[  PASSED  ] 1 test.
<end of output>
Test time =   0.01 sec
----------------------------------------------------------
Test Passed.
"EndpointTreeTest.StabsCorrectNumberOfNodesSmallTree" end time: Sep 11 22:15 AEST
"EndpointTreeTest.StabsCorrectNumberOfNodesSmallTree" time elapsed: 00:00:00
----------------------------------------------------------

9/28 Testing: DistributedTrackingTest.BuildsCorrectly
9/28 Test: DistributedTrackingTest.BuildsCorrectly
Command: "/Users/sean/Dynamic-RTS/src/build/distributed_tracking_test" "--gtest_filter=DistributedTrackingTest.BuildsCorrectly" "--gtest_also_run_disabled_tests"
Directory: /Users/sean/Dynamic-RTS/src/build
"DistributedTrackingTest.BuildsCorrectly" start time: Sep 11 22:15 AEST
Output:
----------------------------------------------------------
Note: Google Test filter = DistributedTrackingTest.BuildsCorrectly
[==========] Running 1 test from 1 test suite.
[----------] Global test environment set-up.
[----------] 1 test from DistributedTrackingTest
[ RUN      ] DistributedTrackingTest.BuildsCorrectly
[       OK ] DistributedTrackingTest.BuildsCorrectly (0 ms)
[----------] 1 test from DistributedTrackingTest (0 ms total)

[----------] Global test environment tear-down
[==========] 1 test from 1 test suite ran. (0 ms total)
[  PASSED  ] 1 test.
<end of output>
Test time =   0.01 sec
----------------------------------------------------------
Test Passed.
"DistributedTrackingTest.BuildsCorrectly" end time: Sep 11 22:15 AEST
"DistributedTrackingTest.BuildsCorrectly" time elapsed: 00:00:00
----------------------------------------------------------

10/28 Testing: DistributedTrackingTest.CreatesCorrectSlackWhenSmall
10/28 Test: DistributedTrackingTest.CreatesCorrectSlackWhenSmall
Command: "/Users/sean/Dynamic-RTS/src/build/distributed_tracking_test" "--gtest_filter=DistributedTrackingTest.CreatesCorrectSlackWhenSmall" "--gtest_also_run_disabled_tests"
Directory: /Users/sean/Dynamic-RTS/src/build
"DistributedTrackingTest.CreatesCorrectSlackWhenSmall" start time: Sep 11 22:15 AEST
Output:
----------------------------------------------------------
Note: Google Test filter = DistributedTrackingTest.CreatesCorrectSlackWhenSmall
[==========] Running 1 test from 1 test suite.
[----------] Global test environment set-up.
[----------] 1 test from DistributedTrackingTest
[ RUN      ] DistributedTrackingTest.CreatesCorrectSlackWhenSmall
[       OK ] DistributedTrackingTest.CreatesCorrectSlackWhenSmall (0 ms)
[----------] 1 test from DistributedTrackingTest (0 ms total)

[----------] Global test environment tear-down
[==========] 1 test from 1 test suite ran. (0 ms total)
[  PASSED  ] 1 test.
<end of output>
Test time =   0.01 sec
----------------------------------------------------------
Test Passed.
"DistributedTrackingTest.CreatesCorrectSlackWhenSmall" end time: Sep 11 22:15 AEST
"DistributedTrackingTest.CreatesCorrectSlackWhenSmall" time elapsed: 00:00:00
----------------------------------------------------------

11/28 Testing: DistributedTrackingTest.CreatesCorrectSlackWhenBig
11/28 Test: DistributedTrackingTest.CreatesCorrectSlackWhenBig
Command: "/Users/sean/Dynamic-RTS/src/build/distributed_tracking_test" "--gtest_filter=DistributedTrackingTest.CreatesCorrectSlackWhenBig" "--gtest_also_run_disabled_tests"
Directory: /Users/sean/Dynamic-RTS/src/build
"DistributedTrackingTest.CreatesCorrectSlackWhenBig" start time: Sep 11 22:15 AEST
Output:
----------------------------------------------------------
Note: Google Test filter = DistributedTrackingTest.CreatesCorrectSlackWhenBig
[==========] Running 1 test from 1 test suite.
[----------] Global test environment set-up.
[----------] 1 test from DistributedTrackingTest
[ RUN      ] DistributedTrackingTest.CreatesCorrectSlackWhenBig
[       OK ] DistributedTrackingTest.CreatesCorrectSlackWhenBig (0 ms)
[----------] 1 test from DistributedTrackingTest (0 ms total)

[----------] Global test environment tear-down
[==========] 1 test from 1 test suite ran. (0 ms total)
[  PASSED  ] 1 test.
<end of output>
Test time =   0.01 sec
----------------------------------------------------------
Test Passed.
"DistributedTrackingTest.CreatesCorrectSlackWhenBig" end time: Sep 11 22:15 AEST
"DistributedTrackingTest.CreatesCorrectSlackWhenBig" time elapsed: 00:00:00
----------------------------------------------------------

12/28 Testing: DistributedTrackingTest.ProcessSignalWithoutMaturity
12/28 Test: DistributedTrackingTest.ProcessSignalWithoutMaturity
Command: "/Users/sean/Dynamic-RTS/src/build/distributed_tracking_test" "--gtest_filter=DistributedTrackingTest.ProcessSignalWithoutMaturity" "--gtest_also_run_disabled_tests"
Directory: /Users/sean/Dynamic-RTS/src/build
"DistributedTrackingTest.ProcessSignalWithoutMaturity" start time: Sep 11 22:15 AEST
Output:
----------------------------------------------------------
Note: Google Test filter = DistributedTrackingTest.ProcessSignalWithoutMaturity
[==========] Running 1 test from 1 test suite.
[----------] Global test environment set-up.
[----------] 1 test from DistributedTrackingTest
[ RUN      ] DistributedTrackingTest.ProcessSignalWithoutMaturity
[       OK ] DistributedTrackingTest.ProcessSignalWithoutMaturity (0 ms)
[----------] 1 test from DistributedTrackingTest (0 ms total)

[----------] Global test environment tear-down
[==========] 1 test from 1 test suite ran. (0 ms total)
[  PASSED  ] 1 test.
<end of output>
Test time =   0.01 sec
----------------------------------------------------------
Test Passed.
"DistributedTrackingTest.ProcessSignalWithoutMaturity" end time: Sep 11 22:15 AEST
"DistributedTrackingTest.ProcessSignalWithoutMaturity" time elapsed: 00:00:00
----------------------------------------------------------

13/28 Testing: DistributedTrackingTest.HandlesMaturityWhenSmall
13/28 Test: DistributedTrackingTest.HandlesMaturityWhenSmall
Command: "/Users/sean/Dynamic-RTS/src/build/distributed_tracking_test" "--gtest_filter=DistributedTrackingTest.HandlesMaturityWhenSmall" "--gtest_also_run_disabled_tests"
Directory: /Users/sean/Dynamic-RTS/src/build
"DistributedTrackingTest.HandlesMaturityWhenSmall" start time: Sep 11 22:15 AEST
Output:
----------------------------------------------------------
Note: Google Test filter = DistributedTrackingTest.HandlesMaturityWhenSmall
[==========] Running 1 test from 1 test suite.
[----------] Global test environment set-up.
[----------] 1 test from DistributedTrackingTest
[ RUN      ] DistributedTrackingTest.HandlesMaturityWhenSmall
[       OK ] DistributedTrackingTest.HandlesMaturityWhenSmall (0 ms)
[----------] 1 test from DistributedTrackingTest (0 ms total)

[----------] Global test environment tear-down
[==========] 1 test from 1 test suite ran. (0 ms total)
[  PASSED  ] 1 test.
<end of output>
Test time =   0.01 sec
----------------------------------------------------------
Test Passed.
"DistributedTrackingTest.HandlesMaturityWhenSmall" end time: Sep 11 22:15 AEST
"DistributedTrackingTest.HandlesMaturityWhenSmall" time elapsed: 00:00:00
----------------------------------------------------------

14/28 Testing: DTAlgorithmTest.BuildsDTInstancesInNodes
14/28 Test: DTAlgorithmTest.BuildsDTInstancesInNodes
Command: "/Users/sean/Dynamic-RTS/src/build/DT_algorithm_test" "--gtest_filter=DTAlgorithmTest.BuildsDTInstancesInNodes" "--gtest_also_run_disabled_tests"
Directory: /Users/sean/Dynamic-RTS/src/build
"DTAlgorithmTest.BuildsDTInstancesInNodes" start time: Sep 11 22:15 AEST
Output:
----------------------------------------------------------
Note: Google Test filter = DTAlgorithmTest.BuildsDTInstancesInNodes
[==========] Running 1 test from 1 test suite.
[----------] Global test environment set-up.
[----------] 1 test from DTAlgorithmTest
[ RUN      ] DTAlgorithmTest.BuildsDTInstancesInNodes
[       OK ] DTAlgorithmTest.BuildsDTInstancesInNodes (0 ms)
[----------] 1 test from DTAlgorithmTest (0 ms total)

[----------] Global test environment tear-down
[==========] 1 test from 1 test suite ran. (0 ms total)
[  PASSED  ] 1 test.
<end of output>
Test time =   0.01 sec
----------------------------------------------------------
Test Passed.
"DTAlgorithmTest.BuildsDTInstancesInNodes" end time: Sep 11 22:15 AEST
"DTAlgorithmTest.BuildsDTInstancesInNodes" time elapsed: 00:00:00
----------------------------------------------------------

15/28 Testing: DTAlgorithmTest.NodesAreCorrectlyInitialized
15/28 Test: DTAlgorithmTest.NodesAreCorrectlyInitialized
Command: "/Users/sean/Dynamic-RTS/src/build/DT_algorithm_test" "--gtest_filter=DTAlgorithmTest.NodesAreCorrectlyInitialized" "--gtest_also_run_disabled_tests"
Directory: /Users/sean/Dynamic-RTS/src/build
"DTAlgorithmTest.NodesAreCorrectlyInitialized" start time: Sep 11 22:15 AEST
Output:
----------------------------------------------------------
Note: Google Test filter = DTAlgorithmTest.NodesAreCorrectlyInitialized
[==========] Running 1 test from 1 test suite.
[----------] Global test environment set-up.
[----------] 1 test from DTAlgorithmTest
[ RUN      ] DTAlgorithmTest.NodesAreCorrectlyInitialized
[       OK ] DTAlgorithmTest.NodesAreCorrectlyInitialized (0 ms)
[----------] 1 test from DTAlgorithmTest (0 ms total)

[----------] Global test environment tear-down
[==========] 1 test from 1 test suite ran. (0 ms total)
[  PASSED  ] 1 test.
<end of output>
Test time =   0.01 sec
----------------------------------------------------------
Test Passed.
"DTAlgorithmTest.NodesAreCorrectlyInitialized" end time: Sep 11 22:15 AEST
"DTAlgorithmTest.NodesAreCorrectlyInitialized" time elapsed: 00:00:00
----------------------------------------------------------

16/28 Testing: DTAlgorithmTest.HeapsAreCorrectlyInitialized
16/28 Test: DTAlgorithmTest.HeapsAreCorrectlyInitialized
Command: "/Users/sean/Dynamic-RTS/src/build/DT_algorithm_test" "--gtest_filter=DTAlgorithmTest.HeapsAreCorrectlyInitialized" "--gtest_also_run_disabled_tests"
Directory: /Users/sean/Dynamic-RTS/src/build
"DTAlgorithmTest.HeapsAreCorrectlyInitialized" start time: Sep 11 22:15 AEST
Output:
----------------------------------------------------------
Note: Google Test filter = DTAlgorithmTest.HeapsAreCorrectlyInitialized
[==========] Running 1 test from 1 test suite.
[----------] Global test environment set-up.
[----------] 1 test from DTAlgorithmTest
[ RUN      ] DTAlgorithmTest.HeapsAreCorrectlyInitialized
[       OK ] DTAlgorithmTest.HeapsAreCorrectlyInitialized (0 ms)
[----------] 1 test from DTAlgorithmTest (0 ms total)

[----------] Global test environment tear-down
[==========] 1 test from 1 test suite ran. (0 ms total)
[  PASSED  ] 1 test.
<end of output>
Test time =   0.01 sec
----------------------------------------------------------
Test Passed.
"DTAlgorithmTest.HeapsAreCorrectlyInitialized" end time: Sep 11 22:15 AEST
"DTAlgorithmTest.HeapsAreCorrectlyInitialized" time elapsed: 00:00:00
----------------------------------------------------------

17/28 Testing: DTAlgorithmTest.BuildsCorrectNumberOfNodes
17/28 Test: DTAlgorithmTest.BuildsCorrectNumberOfNodes
Command: "/Users/sean/Dynamic-RTS/src/build/DT_algorithm_test" "--gtest_filter=DTAlgorithmTest.BuildsCorrectNumberOfNodes" "--gtest_also_run_disabled_tests"
Directory: /Users/sean/Dynamic-RTS/src/build
"DTAlgorithmTest.BuildsCorrectNumberOfNodes" start time: Sep 11 22:15 AEST
Output:
----------------------------------------------------------
Note: Google Test filter = DTAlgorithmTest.BuildsCorrectNumberOfNodes
[==========] Running 1 test from 1 test suite.
[----------] Global test environment set-up.
[----------] 1 test from DTAlgorithmTest
[ RUN      ] DTAlgorithmTest.BuildsCorrectNumberOfNodes
[       OK ] DTAlgorithmTest.BuildsCorrectNumberOfNodes (0 ms)
[----------] 1 test from DTAlgorithmTest (0 ms total)

[----------] Global test environment tear-down
[==========] 1 test from 1 test suite ran. (0 ms total)
[  PASSED  ] 1 test.
<end of output>
Test time =   0.01 sec
----------------------------------------------------------
Test Passed.
"DTAlgorithmTest.BuildsCorrectNumberOfNodes" end time: Sep 11 22:15 AEST
"DTAlgorithmTest.BuildsCorrectNumberOfNodes" time elapsed: 00:00:00
----------------------------------------------------------

18/28 Testing: DTAlgorithmTest.BuildsQuerySet
18/28 Test: DTAlgorithmTest.BuildsQuerySet
Command: "/Users/sean/Dynamic-RTS/src/build/DT_algorithm_test" "--gtest_filter=DTAlgorithmTest.BuildsQuerySet" "--gtest_also_run_disabled_tests"
Directory: /Users/sean/Dynamic-RTS/src/build
"DTAlgorithmTest.BuildsQuerySet" start time: Sep 11 22:15 AEST
Output:
----------------------------------------------------------
Note: Google Test filter = DTAlgorithmTest.BuildsQuerySet
[==========] Running 1 test from 1 test suite.
[----------] Global test environment set-up.
[----------] 1 test from DTAlgorithmTest
[ RUN      ] DTAlgorithmTest.BuildsQuerySet
[       OK ] DTAlgorithmTest.BuildsQuerySet (0 ms)
[----------] 1 test from DTAlgorithmTest (0 ms total)

[----------] Global test environment tear-down
[==========] 1 test from 1 test suite ran. (0 ms total)
[  PASSED  ] 1 test.
<end of output>
Test time =   0.01 sec
----------------------------------------------------------
Test Passed.
"DTAlgorithmTest.BuildsQuerySet" end time: Sep 11 22:15 AEST
"DTAlgorithmTest.BuildsQuerySet" time elapsed: 00:00:00
----------------------------------------------------------

19/28 Testing: DTAlgorithmTest.AssignsDtInstancesCorrectlyToHeaps
19/28 Test: DTAlgorithmTest.AssignsDtInstancesCorrectlyToHeaps
Command: "/Users/sean/Dynamic-RTS/src/build/DT_algorithm_test" "--gtest_filter=DTAlgorithmTest.AssignsDtInstancesCorrectlyToHeaps" "--gtest_also_run_disabled_tests"
Directory: /Users/sean/Dynamic-RTS/src/build
"DTAlgorithmTest.AssignsDtInstancesCorrectlyToHeaps" start time: Sep 11 22:15 AEST
Output:
----------------------------------------------------------
Note: Google Test filter = DTAlgorithmTest.AssignsDtInstancesCorrectlyToHeaps
[==========] Running 1 test from 1 test suite.
[----------] Global test environment set-up.
[----------] 1 test from DTAlgorithmTest
[ RUN      ] DTAlgorithmTest.AssignsDtInstancesCorrectlyToHeaps
[       OK ] DTAlgorithmTest.AssignsDtInstancesCorrectlyToHeaps (0 ms)
[----------] 1 test from DTAlgorithmTest (0 ms total)

[----------] Global test environment tear-down
[==========] 1 test from 1 test suite ran. (0 ms total)
[  PASSED  ] 1 test.
<end of output>
Test time =   0.01 sec
----------------------------------------------------------
Test Passed.
"DTAlgorithmTest.AssignsDtInstancesCorrectlyToHeaps" end time: Sep 11 22:15 AEST
"DTAlgorithmTest.AssignsDtInstancesCorrectlyToHeaps" time elapsed: 00:00:00
----------------------------------------------------------

20/28 Testing: DTAlgorithmTest.DoesntMatureAllQueries
20/28 Test: DTAlgorithmTest.DoesntMatureAllQueries
Command: "/Users/sean/Dynamic-RTS/src/build/DT_algorithm_test" "--gtest_filter=DTAlgorithmTest.DoesntMatureAllQueries" "--gtest_also_run_disabled_tests"
Directory: /Users/sean/Dynamic-RTS/src/build
"DTAlgorithmTest.DoesntMatureAllQueries" start time: Sep 11 22:15 AEST
Output:
----------------------------------------------------------
Note: Google Test filter = DTAlgorithmTest.DoesntMatureAllQueries
[==========] Running 1 test from 1 test suite.
[----------] Global test environment set-up.
[----------] 1 test from DTAlgorithmTest
[ RUN      ] DTAlgorithmTest.DoesntMatureAllQueries
[       OK ] DTAlgorithmTest.DoesntMatureAllQueries (1 ms)
[----------] 1 test from DTAlgorithmTest (1 ms total)

[----------] Global test environment tear-down
[==========] 1 test from 1 test suite ran. (1 ms total)
[  PASSED  ] 1 test.
<end of output>
Test time =   0.01 sec
----------------------------------------------------------
Test Passed.
"DTAlgorithmTest.DoesntMatureAllQueries" end time: Sep 11 22:15 AEST
"DTAlgorithmTest.DoesntMatureAllQueries" time elapsed: 00:00:00
----------------------------------------------------------

21/28 Testing: DTAlgorithmTest.MaturesCorrectQueriesCase1
21/28 Test: DTAlgorithmTest.MaturesCorrectQueriesCase1
Command: "/Users/sean/Dynamic-RTS/src/build/DT_algorithm_test" "--gtest_filter=DTAlgorithmTest.MaturesCorrectQueriesCase1" "--gtest_also_run_disabled_tests"
Directory: /Users/sean/Dynamic-RTS/src/build
"DTAlgorithmTest.MaturesCorrectQueriesCase1" start time: Sep 11 22:15 AEST
Output:
----------------------------------------------------------
Note: Google Test filter = DTAlgorithmTest.MaturesCorrectQueriesCase1
[==========] Running 1 test from 1 test suite.
[----------] Global test environment set-up.
[----------] 1 test from DTAlgorithmTest
[ RUN      ] DTAlgorithmTest.MaturesCorrectQueriesCase1
[       OK ] DTAlgorithmTest.MaturesCorrectQueriesCase1 (0 ms)
[----------] 1 test from DTAlgorithmTest (0 ms total)

[----------] Global test environment tear-down
[==========] 1 test from 1 test suite ran. (0 ms total)
[  PASSED  ] 1 test.
<end of output>
Test time =   0.01 sec
----------------------------------------------------------
Test Passed.
"DTAlgorithmTest.MaturesCorrectQueriesCase1" end time: Sep 11 22:15 AEST
"DTAlgorithmTest.MaturesCorrectQueriesCase1" time elapsed: 00:00:00
----------------------------------------------------------

22/28 Testing: DTAlgorithmTest.MaturesCorrectQueriesCase2
22/28 Test: DTAlgorithmTest.MaturesCorrectQueriesCase2
Command: "/Users/sean/Dynamic-RTS/src/build/DT_algorithm_test" "--gtest_filter=DTAlgorithmTest.MaturesCorrectQueriesCase2" "--gtest_also_run_disabled_tests"
Directory: /Users/sean/Dynamic-RTS/src/build
"DTAlgorithmTest.MaturesCorrectQueriesCase2" start time: Sep 11 22:15 AEST
Output:
----------------------------------------------------------
Note: Google Test filter = DTAlgorithmTest.MaturesCorrectQueriesCase2
[==========] Running 1 test from 1 test suite.
[----------] Global test environment set-up.
[----------] 1 test from DTAlgorithmTest
[ RUN      ] DTAlgorithmTest.MaturesCorrectQueriesCase2
[       OK ] DTAlgorithmTest.MaturesCorrectQueriesCase2 (0 ms)
[----------] 1 test from DTAlgorithmTest (0 ms total)

[----------] Global test environment tear-down
[==========] 1 test from 1 test suite ran. (0 ms total)
[  PASSED  ] 1 test.
<end of output>
Test time =   0.01 sec
----------------------------------------------------------
Test Passed.
"DTAlgorithmTest.MaturesCorrectQueriesCase2" end time: Sep 11 22:15 AEST
"DTAlgorithmTest.MaturesCorrectQueriesCase2" time elapsed: 00:00:00
----------------------------------------------------------

23/28 Testing: DTAlgorithmTest.MaturesCorrectQueriesCase3
23/28 Test: DTAlgorithmTest.MaturesCorrectQueriesCase3
Command: "/Users/sean/Dynamic-RTS/src/build/DT_algorithm_test" "--gtest_filter=DTAlgorithmTest.MaturesCorrectQueriesCase3" "--gtest_also_run_disabled_tests"
Directory: /Users/sean/Dynamic-RTS/src/build
"DTAlgorithmTest.MaturesCorrectQueriesCase3" start time: Sep 11 22:15 AEST
Output:
----------------------------------------------------------
Note: Google Test filter = DTAlgorithmTest.MaturesCorrectQueriesCase3
[==========] Running 1 test from 1 test suite.
[----------] Global test environment set-up.
[----------] 1 test from DTAlgorithmTest
[ RUN      ] DTAlgorithmTest.MaturesCorrectQueriesCase3
[       OK ] DTAlgorithmTest.MaturesCorrectQueriesCase3 (0 ms)
[----------] 1 test from DTAlgorithmTest (0 ms total)

[----------] Global test environment tear-down
[==========] 1 test from 1 test suite ran. (0 ms total)
[  PASSED  ] 1 test.
<end of output>
Test time =   0.01 sec
----------------------------------------------------------
Test Passed.
"DTAlgorithmTest.MaturesCorrectQueriesCase3" end time: Sep 11 22:15 AEST
"DTAlgorithmTest.MaturesCorrectQueriesCase3" time elapsed: 00:00:00
----------------------------------------------------------

24/28 Testing: DTAlgorithmTest.MaturesCorrectQueriesCase4
24/28 Test: DTAlgorithmTest.MaturesCorrectQueriesCase4
Command: "/Users/sean/Dynamic-RTS/src/build/DT_algorithm_test" "--gtest_filter=DTAlgorithmTest.MaturesCorrectQueriesCase4" "--gtest_also_run_disabled_tests"
Directory: /Users/sean/Dynamic-RTS/src/build
"DTAlgorithmTest.MaturesCorrectQueriesCase4" start time: Sep 11 22:15 AEST
Output:
----------------------------------------------------------
Note: Google Test filter = DTAlgorithmTest.MaturesCorrectQueriesCase4
[==========] Running 1 test from 1 test suite.
[----------] Global test environment set-up.
[----------] 1 test from DTAlgorithmTest
[ RUN      ] DTAlgorithmTest.MaturesCorrectQueriesCase4
[       OK ] DTAlgorithmTest.MaturesCorrectQueriesCase4 (0 ms)
[----------] 1 test from DTAlgorithmTest (0 ms total)

[----------] Global test environment tear-down
[==========] 1 test from 1 test suite ran. (0 ms total)
[  PASSED  ] 1 test.
<end of output>
Test time =   0.01 sec
----------------------------------------------------------
Test Passed.
"DTAlgorithmTest.MaturesCorrectQueriesCase4" end time: Sep 11 22:15 AEST
"DTAlgorithmTest.MaturesCorrectQueriesCase4" time elapsed: 00:00:00
----------------------------------------------------------

25/28 Testing: DTAlgorithmTest.MaturesCorrectQueriesCase5
25/28 Test: DTAlgorithmTest.MaturesCorrectQueriesCase5
Command: "/Users/sean/Dynamic-RTS/src/build/DT_algorithm_test" "--gtest_filter=DTAlgorithmTest.MaturesCorrectQueriesCase5" "--gtest_also_run_disabled_tests"
Directory: /Users/sean/Dynamic-RTS/src/build
"DTAlgorithmTest.MaturesCorrectQueriesCase5" start time: Sep 11 22:15 AEST
Output:
----------------------------------------------------------
Note: Google Test filter = DTAlgorithmTest.MaturesCorrectQueriesCase5
[==========] Running 1 test from 1 test suite.
[----------] Global test environment set-up.
[----------] 1 test from DTAlgorithmTest
[ RUN      ] DTAlgorithmTest.MaturesCorrectQueriesCase5
[       OK ] DTAlgorithmTest.MaturesCorrectQueriesCase5 (1 ms)
[----------] 1 test from DTAlgorithmTest (1 ms total)

[----------] Global test environment tear-down
[==========] 1 test from 1 test suite ran. (1 ms total)
[  PASSED  ] 1 test.
<end of output>
Test time =   0.01 sec
----------------------------------------------------------
Test Passed.
"DTAlgorithmTest.MaturesCorrectQueriesCase5" end time: Sep 11 22:15 AEST
"DTAlgorithmTest.MaturesCorrectQueriesCase5" time elapsed: 00:00:00
----------------------------------------------------------

26/28 Testing: TreeNodeTest.StabsCorrectValueFiniteBounds
26/28 Test: TreeNodeTest.StabsCorrectValueFiniteBounds
Command: "/Users/sean/Dynamic-RTS/src/build/treenode_test" "--gtest_filter=TreeNodeTest.StabsCorrectValueFiniteBounds" "--gtest_also_run_disabled_tests"
Directory: /Users/sean/Dynamic-RTS/src/build
"TreeNodeTest.StabsCorrectValueFiniteBounds" start time: Sep 11 22:15 AEST
Output:
----------------------------------------------------------
Note: Google Test filter = TreeNodeTest.StabsCorrectValueFiniteBounds
[==========] Running 1 test from 1 test suite.
[----------] Global test environment set-up.
[----------] 1 test from TreeNodeTest
[ RUN      ] TreeNodeTest.StabsCorrectValueFiniteBounds
[       OK ] TreeNodeTest.StabsCorrectValueFiniteBounds (0 ms)
[----------] 1 test from TreeNodeTest (0 ms total)

[----------] Global test environment tear-down
[==========] 1 test from 1 test suite ran. (0 ms total)
[  PASSED  ] 1 test.
<end of output>
Test time =   0.01 sec
----------------------------------------------------------
Test Passed.
"TreeNodeTest.StabsCorrectValueFiniteBounds" end time: Sep 11 22:15 AEST
"TreeNodeTest.StabsCorrectValueFiniteBounds" time elapsed: 00:00:00
----------------------------------------------------------

27/28 Testing: TreeNodeTest.DoesntStabIncorrectValueFiniteBounds
27/28 Test: TreeNodeTest.DoesntStabIncorrectValueFiniteBounds
Command: "/Users/sean/Dynamic-RTS/src/build/treenode_test" "--gtest_filter=TreeNodeTest.DoesntStabIncorrectValueFiniteBounds" "--gtest_also_run_disabled_tests"
Directory: /Users/sean/Dynamic-RTS/src/build
"TreeNodeTest.DoesntStabIncorrectValueFiniteBounds" start time: Sep 11 22:15 AEST
Output:
----------------------------------------------------------
Note: Google Test filter = TreeNodeTest.DoesntStabIncorrectValueFiniteBounds
[==========] Running 1 test from 1 test suite.
[----------] Global test environment set-up.
[----------] 1 test from TreeNodeTest
[ RUN      ] TreeNodeTest.DoesntStabIncorrectValueFiniteBounds
[       OK ] TreeNodeTest.DoesntStabIncorrectValueFiniteBounds (0 ms)
[----------] 1 test from TreeNodeTest (0 ms total)

[----------] Global test environment tear-down
[==========] 1 test from 1 test suite ran. (0 ms total)
[  PASSED  ] 1 test.
<end of output>
Test time =   0.01 sec
----------------------------------------------------------
Test Passed.
"TreeNodeTest.DoesntStabIncorrectValueFiniteBounds" end time: Sep 11 22:15 AEST
"TreeNodeTest.DoesntStabIncorrectValueFiniteBounds" time elapsed: 00:00:00
----------------------------------------------------------

28/28 Testing: TreeNodeTest.StabsCorrectValueInfiniteBounds
28/28 Test: TreeNodeTest.StabsCorrectValueInfiniteBounds
Command: "/Users/sean/Dynamic-RTS/src/build/treenode_test" "--gtest_filter=TreeNodeTest.StabsCorrectValueInfiniteBounds" "--gtest_also_run_disabled_tests"
Directory: /Users/sean/Dynamic-RTS/src/build
"TreeNodeTest.StabsCorrectValueInfiniteBounds" start time: Sep 11 22:15 AEST
Output:
----------------------------------------------------------
Note: Google Test filter = TreeNodeTest.StabsCorrectValueInfiniteBounds
[==========] Running 1 test from 1 test suite.
[----------] Global test environment set-up.
[----------] 1 test from TreeNodeTest
[ RUN      ] TreeNodeTest.StabsCorrectValueInfiniteBounds
[       OK ] TreeNodeTest.StabsCorrectValueInfiniteBounds (0 ms)
[----------] 1 test from TreeNodeTest (0 ms total)

[----------] Global test environment tear-down
[==========] 1 test from 1 test suite ran. (0 ms total)
[  PASSED  ] 1 test.
<end of output>
Test time =   0.01 sec
----------------------------------------------------------
Test Passed.
"TreeNodeTest.StabsCorrectValueInfiniteBounds" end time: Sep 11 22:15 AEST
"TreeNodeTest.StabsCorrectValueInfiniteBounds" time elapsed: 00:00:00
----------------------------------------------------------

End testing: Sep 11 22:15 AEST
